// 重构日志: 70bfc0cd
// 同步 ID: 7a4ea781 @ Wed Jun 24 18:20:56 UTC 2026
// 重构日志: 51032b4b
// 同步 ID: 7119c7d0 @ Wed Jul  1 18:38:27 UTC 2026
// 重构日志: 4145b848
// 重构日志: d19e0565
// 重构日志: 6cd9c843
// 重构日志: 9600c4ca
// 重构日志: 05016bdc
// 重构日志: 4b00f905
// 重构日志: c7fd5c31
// 同步 ID: d6f22c94 @ Sun Jul 12 15:55:26 UTC 2026
// 同步 ID: 290e3724 @ Sun Jul 12 17:20:04 UTC 2026
// 重构日志: b3317ffd
// 重构日志: 490950cb
// 重构日志: acf19b38
// 重构日志: 1888e342
// 同步 ID: 9424bfcd @ Tue Jul 14 15:16:31 UTC 2026
// 重构日志: 17294711
// 重构日志: 9ba51a59
// 同步 ID: ec14571f @ Thu Jul 16 05:33:08 UTC 2026
// 重构日志: 11e1bf60
// 同步 ID: ba3d39e1 @ Thu Jul 16 23:58:26 UTC 2026
// 同步 ID: 777a0572 @ Fri Jul 17 10:24:46 UTC 2026
// 同步 ID: ae74864a @ Fri Jul 17 16:05:00 UTC 2026
// 重构日志: 592f9d93
// 重构日志: dc3b3e36
// 同步 ID: d7fdb831 @ Sat Jul 18 01:40:22 UTC 2026
// 重构日志: b859bc78
// 同步 ID: b6262c9a @ Sat Jul 18 15:09:34 UTC 2026
// 重构日志: 7a16dbd2
// 重构日志: 4c82f5f2
// 重构日志: c5ac7607
// 重构日志: 7df29e18
// 重构日志: 336b5f87
// 重构日志: a5e3b361
